SLURM_JOB_NAME:  mpi_prime
SLURM_JOB_ID:    9114856
DATE:  Fri Jan 28 14:53:09 PST 2022
Var NHI:  250000
 n_hi= 250000
The argument supplied is 250000
28 January 2022 02:53:11 PM

PRIME_MPI
 n_hi= 250000
  C/MPI version

  An MPI example program to count the number of primes.
  The number of processes is 24

         N        Pi          Time

 n_hi= 250000
         1         0        0.022523
         2         1        0.018003
         4         2        0.000590
         8         4        0.000003
        16         6        0.000003
        32        11        0.000003
        64        18        0.000003
       128        31        0.000004
       256        54        0.000524
       512        97        0.000017
      1024       172        0.000575
      2048       309        0.000698
      4096       564        0.000613
      8192      1028        0.002199
     16384      1900        0.008337
     32768      3512        0.029978
     65536      6542        0.112796
    131072     12251        0.416645

PRIME_MPI - Master process:
  Normal end of execution.

28 January 2022 02:53:12 PM
 n_hi= 250000
 n_hi= 250000
 n_hi= 250000
 n_hi= 250000
 n_hi= 250000
 n_hi= 250000
 n_hi= 250000
 n_hi= 250000
 n_hi= 250000
 n_hi= 250000
 n_hi= 250000
 n_hi= 250000
 n_hi= 250000
 n_hi= 250000
 n_hi= 250000
 n_hi= 250000
 n_hi= 250000
 n_hi= 250000
 n_hi= 250000
 n_hi= 250000
 n_hi= 250000
 n_hi= 250000
