28 January 2022 12:21:30 PM

PRIME_MPI
 n_hi= 262144
  C/MPI version

  An MPI example program to count the number of primes.
  The number of processes is 24

         N        Pi          Time

         1         0        0.025196
         2         1        0.001954
         4         2        0.024015
         8         4        0.025980
        16         6        0.025996
        32        11        0.026022
        64        18        0.025977
       128        31        0.025999
       256        54        0.025999
       512        97        0.026009
      1024       172        0.013043
      2048       309        0.012683
      4096       564        0.028262
      8192      1028        0.025999
     16384      1900        0.025998
     32768      3512        0.041243
     65536      6542        0.213824
    131072     12251        0.676576
    262144     23000        1.570949

PRIME_MPI - Master process:
  Normal end of execution.

28 January 2022 12:21:33 PM
