SLURM_JOB_NAME:  mpi_prime
SLURM_JOB_ID:    9114846
DATE:  Fri Jan 28 14:51:20 PST 2022
Var NHI:  250000
 n_hi= 0
 n_hi= 0
The argument supplied is NHI
28 January 2022 02:51:22 PM

PRIME_MPI
 n_hi= 0
  C/MPI version

  An MPI example program to count the number of primes.
  The number of processes is 24

         N        Pi          Time

 n_hi= 0

PRIME_MPI - Master process:
  Normal end of execution.

28 January 2022 02:51:22 PM
 n_hi= 0
 n_hi= 0
 n_hi= 0
 n_hi= 0
 n_hi= 0
 n_hi= 0
 n_hi= 0
 n_hi= 0
 n_hi= 0
 n_hi= 0
 n_hi= 0
 n_hi= 0
 n_hi= 0
 n_hi= 0
 n_hi= 0
 n_hi= 0
 n_hi= 0
 n_hi= 0
 n_hi= 0
 n_hi= 0
 n_hi= 0
