SLURM_JOB_NAME:  mpi_prime
SLURM_JOB_ID:    9114620
DATE:  Fri Jan 28 14:24:42 PST 2022
Var NLO:  10000
28 January 2022 02:24:45 PM

PRIME_MPI
 n_hi= 262144
  C/MPI version

  An MPI example program to count the number of primes.
  The number of processes is 24

         N        Pi          Time

         1         0        0.009978
         2         1        0.000006
         4         2        0.000003
         8         4        0.000003
        16         6        0.000003
        32        11        0.000003
        64        18        0.000003
       128        31        0.000004
       256        54        0.000529
       512        97        0.000018
      1024       172        0.000593
      2048       309        0.001463
      4096       564        0.000615
      8192      1028        0.002198
     16384      1900        0.008411
     32768      3512        0.055087
     65536      6542        0.111084
    131072     12251        0.420492
    262144     23000        1.551404

PRIME_MPI - Master process:
  Normal end of execution.

28 January 2022 02:24:47 PM
